android/app/build/intermediates/manifest_merge_blame_file/release/manifest-merger-blame-release-report.txt
1<?xml version="1.0" encoding="utf-8"?>
2<manifest xmlns:android="http://schemas.android.com/apk/res/android"
3    package="com.epicture"
4    android:versionCode="1"
5    android:versionName="1.0" >
6
7    <uses-sdk
8        android:minSdkVersion="16"
8-->src/main/AndroidManifest.xml
9        android:targetSdkVersion="29" />
9-->src/main/AndroidManifest.xml
10
11    <uses-permission android:name="android.permission.INTERNET" />
11-->src/main/AndroidManifest.xml:4:5-67
11-->src/main/AndroidManifest.xml:4:22-64
12
13    <application
13-->src/main/AndroidManifest.xml:6:5-25:19
14        android:name="com.epicture.MainApplication"
14-->src/main/AndroidManifest.xml:7:7-38
15        android:allowBackup="false"
15-->src/main/AndroidManifest.xml:11:7-34
16        android:appComponentFactory="androidx.core.app.CoreComponentFactory"
16-->[androidx.core:core:1.0.1] AndroidManifest.xml:22:18-86
17        android:icon="@mipmap/ic_launcher"
17-->src/main/AndroidManifest.xml:9:7-41
18        android:label="@string/app_name"
18-->src/main/AndroidManifest.xml:8:7-39
19        android:roundIcon="@mipmap/ic_launcher_round"
19-->src/main/AndroidManifest.xml:10:7-52
20        android:theme="@style/AppTheme" >
20-->src/main/AndroidManifest.xml:12:7-38
21        <activity
21-->src/main/AndroidManifest.xml:13:7-23:18
22            android:name="com.epicture.MainActivity"
22-->src/main/AndroidManifest.xml:14:9-37
23            android:configChanges="keyboard|keyboardHidden|orientation|screenSize|uiMode"
23-->src/main/AndroidManifest.xml:16:9-86
24            android:label="@string/app_name"
24-->src/main/AndroidManifest.xml:15:9-41
25            android:launchMode="singleTask"
25-->src/main/AndroidManifest.xml:17:9-40
26            android:windowSoftInputMode="adjustResize" >
26-->src/main/AndroidManifest.xml:18:9-51
27            <intent-filter>
27-->src/main/AndroidManifest.xml:19:9-22:25
28                <action android:name="android.intent.action.MAIN" />
28-->src/main/AndroidManifest.xml:20:13-65
28-->src/main/AndroidManifest.xml:20:21-62
29
30                <category android:name="android.intent.category.LAUNCHER" />
30-->src/main/AndroidManifest.xml:21:13-73
30-->src/main/AndroidManifest.xml:21:23-70
31            </intent-filter>
32        </activity>
33        <activity android:name="com.facebook.react.devsupport.DevSettingsActivity" />
33-->src/main/AndroidManifest.xml:24:7-84
33-->src/main/AndroidManifest.xml:24:17-81
34
35        <provider
35-->[:react-native-image-picker] AndroidManifest.xml:10:9-18:20
36            android:name="com.imagepicker.FileProvider"
36-->[:react-native-image-picker] AndroidManifest.xml:11:13-56
37            android:authorities="com.epicture.provider"
37-->[:react-native-image-picker] AndroidManifest.xml:12:13-60
38            android:exported="false"
38-->[:react-native-image-picker] AndroidManifest.xml:13:13-37
39            android:grantUriPermissions="true" >
39-->[:react-native-image-picker] AndroidManifest.xml:14:13-47
40            <meta-data
40-->[:react-native-image-picker] AndroidManifest.xml:15:13-17:58
41                android:name="android.support.FILE_PROVIDER_PATHS"
41-->[:react-native-image-picker] AndroidManifest.xml:16:17-67
42                android:resource="@xml/provider_paths" />
42-->[:react-native-image-picker] AndroidManifest.xml:17:17-55
43        </provider>
44        <provider
44-->[:react-native-webview] AndroidManifest.xml:12:9-20:20
45            android:name="com.reactnativecommunity.webview.RNCWebViewFileProvider"
45-->[:react-native-webview] AndroidManifest.xml:13:13-83
46            android:authorities="com.epicture.fileprovider"
46-->[:react-native-webview] AndroidManifest.xml:14:13-64
47            android:exported="false"
47-->[:react-native-webview] AndroidManifest.xml:15:13-37
48            android:grantUriPermissions="true" >
48-->[:react-native-webview] AndroidManifest.xml:16:13-47
49            <meta-data
49-->[:react-native-image-picker] AndroidManifest.xml:15:13-17:58
50                android:name="android.support.FILE_PROVIDER_PATHS"
50-->[:react-native-image-picker] AndroidManifest.xml:16:17-67
51                android:resource="@xml/file_provider_paths" />
51-->[:react-native-image-picker] AndroidManifest.xml:17:17-55
52        </provider>
53    </application>
54
55</manifest>